# JRE version: Java(TM) SE Runtime Environment (20.0.1+9) (build 20.0.1+9-29)
# Java VM: Java HotSpot(TM) 64-Bit Server VM (20.0.1+9-29, mixed mode, sharing, tiered, compressed oops, compressed class ptrs, g1 gc, bsd-aarch64)
GC Precious Log:
 CardTable entry size: 512
 Card Set container configuration: InlinePtr #cards 5 size 8 Array Of Cards #cards 12 size 40 Howl #buckets 4 coarsen threshold 1843 Howl Bitmap #cards 512 size 80 coarsen threshold 460 Card regions per heap region 1 cards per card region 2048
 CPUs: 8 total, 8 available
 Memory: 16384M
 Large Page Support: Disabled
 NUMA Support: Disabled
 Compressed Oops: Enabled (Zero based)
 Heap Region Size: 1M
 Heap Min Capacity: 8M
 Heap Initial Capacity: 256M
 Heap Max Capacity: 512M
 Pre-touch: Disabled
 Parallel Workers: 8
 Concurrent Workers: 2
 Concurrent Refinement Workers: 8
 Periodic GC: Disabled
Heap:
 garbage-first heap   total 264192K, used 138122K [0x00000007e0000000, 0x0000000800000000)
  region size 1024K, 135 young (138240K), 1 survivors (1024K)
 Metaspace       used 1823K, committed 2048K, reserved 1114112K
  class space    used 139K, committed 256K, reserved 1048576K
GC Heap History (14 events):
Event: 7.908 GC heap before
{Heap before GC invocations=0 (full 0):
 garbage-first heap   total 264192K, used 23520K [0x00000007e0000000, 0x0000000800000000)
  region size 1024K, 23 young (23552K), 0 survivors (0K)
 Metaspace       used 1576K, committed 1728K, reserved 1114112K
  class space    used 131K, committed 192K, reserved 1048576K
}
Event: 7.909 GC heap after
{Heap after GC invocations=1 (full 0):
 garbage-first heap   total 264192K, used 2016K [0x00000007e0000000, 0x0000000800000000)
  region size 1024K, 1 young (1024K), 1 survivors (1024K)
 Metaspace       used 1576K, committed 1728K, reserved 1114112K
  class space    used 131K, committed 192K, reserved 1048576K
}
Event: 8.704 GC heap before
{Heap before GC invocations=1 (full 0):
 garbage-first heap   total 264192K, used 76768K [0x00000007e0000000, 0x0000000800000000)
  region size 1024K, 74 young (75776K), 1 survivors (1024K)
 Metaspace       used 1614K, committed 1792K, reserved 1114112K
  class space    used 132K, committed 192K, reserved 1048576K
}
Event: 8.705 GC heap after
{Heap after GC invocations=2 (full 0):
 garbage-first heap   total 264192K, used 1977K [0x00000007e0000000, 0x0000000800000000)
  region size 1024K, 1 young (1024K), 1 survivors (1024K)
 Metaspace       used 1614K, committed 1792K, reserved 1114112K
  class space    used 132K, committed 192K, reserved 1048576K
}
Event: 1457.424 GC heap before
{Heap before GC invocations=2 (full 0):
 garbage-first heap   total 264192K, used 157625K [0x00000007e0000000, 0x0000000800000000)
  region size 1024K, 153 young (156672K), 1 survivors (1024K)
 Metaspace       used 1652K, committed 1792K, reserved 1114112K
  class space    used 133K, committed 192K, reserved 1048576K
}
Event: 1457.425 GC heap after
{Heap after GC invocations=3 (full 0):
 garbage-first heap   total 264192K, used 1880K [0x00000007e0000000, 0x0000000800000000)
  region size 1024K, 1 young (1024K), 1 survivors (1024K)
 Metaspace       used 1652K, committed 1792K, reserved 1114112K
  class space    used 133K, committed 192K, reserved 1048576K
}
Event: 1506.798 GC heap before
{Heap before GC invocations=3 (full 0):
 garbage-first heap   total 264192K, used 157528K [0x00000007e0000000, 0x0000000800000000)
  region size 1024K, 153 young (156672K), 1 survivors (1024K)
 Metaspace       used 1666K, committed 1792K, reserved 1114112K
  class space    used 133K, committed 192K, reserved 1048576K
}
Event: 1506.800 GC heap after
{Heap after GC invocations=4 (full 0):
 garbage-first heap   total 264192K, used 1873K [0x00000007e0000000, 0x0000000800000000)
  region size 1024K, 1 young (1024K), 1 survivors (1024K)
 Metaspace       used 1666K, committed 1792K, reserved 1114112K
  class space    used 133K, committed 192K, reserved 1048576K
}
Event: 1902.690 GC heap before
{Heap before GC invocations=4 (full 0):
 garbage-first heap   total 264192K, used 157521K [0x00000007e0000000, 0x0000000800000000)
  region size 1024K, 153 young (156672K), 1 survivors (1024K)
 Metaspace       used 1696K, committed 1856K, reserved 1114112K
  class space    used 135K, committed 192K, reserved 1048576K
}
Event: 1902.692 GC heap after
{Heap after GC invocations=5 (full 0):
 garbage-first heap   total 264192K, used 2040K [0x00000007e0000000, 0x0000000800000000)
  region size 1024K, 2 young (2048K), 2 survivors (2048K)
 Metaspace       used 1696K, committed 1856K, reserved 1114112K
  class space    used 135K, committed 192K, reserved 1048576K
}
Event: 3092.523 GC heap before
{Heap before GC invocations=5 (full 0):
 garbage-first heap   total 264192K, used 156664K [0x00000007e0000000, 0x0000000800000000)
  region size 1024K, 153 young (156672K), 2 survivors (2048K)
 Metaspace       used 1719K, committed 1920K, reserved 1114112K
  class space    used 137K, committed 256K, reserved 1048576K
}
Event: 3092.525 GC heap after
{Heap after GC invocations=6 (full 0):
 garbage-first heap   total 264192K, used 1852K [0x00000007e0000000, 0x0000000800000000)
  region size 1024K, 1 young (1024K), 1 survivors (1024K)
 Metaspace       used 1719K, committed 1920K, reserved 1114112K
  class space    used 137K, committed 256K, reserved 1048576K
}
Event: 53380.299 GC heap before
{Heap before GC invocations=6 (full 0):
 garbage-first heap   total 264192K, used 157500K [0x00000007e0000000, 0x0000000800000000)
  region size 1024K, 153 young (156672K), 1 survivors (1024K)
 Metaspace       used 1793K, committed 2048K, reserved 1114112K
  class space    used 138K, committed 256K, reserved 1048576K
}
Event: 53380.303 GC heap after
{Heap after GC invocations=7 (full 0):
 garbage-first heap   total 264192K, used 1930K [0x00000007e0000000, 0x0000000800000000)
  region size 1024K, 1 young (1024K), 1 survivors (1024K)
 Metaspace       used 1793K, committed 2048K, reserved 1114112K
  class space    used 138K, committed 256K, reserved 1048576K
}

